
> aria-frontend@1.0.0 dev
> vite


  [32m[1mVITE[22m v5.4.21[39m  [2mready in [0m[1m1511[22m[2m[0m ms[22m

  [32m➜[39m  [1mLocal[22m:   [36mhttp://localhost:[1m5173[22m/[39m
[2m  [32m➜[39m  [1mNetwork[22m[2m: use [22m[1m--host[22m[2m to expose[22m
[2m7:34:23 pm[22m [36m[1m[vite][22m[39m [32mhmr update [39m[2m/src/pages/JobMatchPage.jsx, /src/index.css[22m
[2m7:34:26 pm[22m [36m[1m[vite][22m[39m [32mhmr update [39m[2m/src/pages/JobMatchPage.jsx, /src/index.css[22m
[2m7:34:28 pm[22m [36m[1m[vite][22m[39m [32mhmr update [39m[2m/src/App.jsx, /src/index.css, /src/components/ResumeUpload.jsx, /src/components/InterviewRoom.jsx, /src/components/FeedbackReport.jsx, /src/components/Dashboard.jsx, /src/components/Profile.jsx, /src/pages/JobMatchPage.jsx, /src/pages/CareerCoachPage.jsx, /src/components/ChatWidget.jsx[22m
[2m7:34:32 pm[22m [36m[1m[vite][22m[39m [32mhmr update [39m[2m/src/pages/JobMatchPage.jsx, /src/index.css, /src/components/Dashboard.jsx[22m
[2m7:34:34 pm[22m [36m[1m[vite][22m[39m [32mhmr update [39m[2m/src/App.jsx, /src/index.css, /src/components/ResumeUpload.jsx, /src/components/InterviewRoom.jsx, /src/components/FeedbackReport.jsx, /src/components/Dashboard.jsx, /src/components/Profile.jsx, /src/pages/JobMatchPage.jsx, /src/pages/CareerCoachPage.jsx, /src/components/ChatWidget.jsx[22m
[2m7:34:34 pm[22m [36m[1m[vite][22m[39m [32mhmr update [39m[2m/src/pages/JobMatchPage.jsx, /src/index.css, /src/components/Dashboard.jsx[22m
[2m7:39:16 pm[22m [36m[1m[vite][22m[39m [32mhmr update [39m[2m/src/pages/JobMatchPage.jsx, /src/index.css[22m
[2m7:39:22 pm[22m [36m[1m[vite][22m[39m [32mhmr update [39m[2m/src/App.jsx, /src/index.css, /src/components/ResumeUpload.jsx, /src/components/InterviewRoom.jsx, /src/components/FeedbackReport.jsx, /src/components/Dashboard.jsx, /src/components/Profile.jsx, /src/pages/JobMatchPage.jsx, /src/pages/CareerCoachPage.jsx, /src/components/ChatWidget.jsx[22m
[2m7:42:48 pm[22m [36m[1m[vite][22m[39m [32mhmr update [39m[2m/src/pages/JobMatchPage.jsx, /src/index.css[22m
[2m7:48:40 pm[22m [36m[1m[vite][22m[39m [32mhmr update [39m[2m/src/App.jsx, /src/index.css[22m
[2m7:48:45 pm[22m [36m[1m[vite][22m[39m [32mhmr update [39m[2m/src/App.jsx, /src/index.css[22m
[2m7:48:56 pm[22m [36m[1m[vite][22m[39m [32mhmr update [39m[2m/src/components/LeftSidebar.jsx, /src/index.css[22m
[2m7:49:14 pm[22m [36m[1m[vite][22m[39m [32mhmr update [39m[2m/src/components/LeftSidebar.jsx, /src/index.css[22m
[2m8:16:00 pm[22m [36m[1m[vite][22m[39m [32mhmr update [39m[2m/src/App.jsx, /src/index.css[22m
[2m8:16:13 pm[22m [36m[1m[vite][22m[39m [32mhmr update [39m[2m/src/App.jsx, /src/index.css[22m
[2m8:23:04 pm[22m [36m[1m[vite][22m[39m [32mhmr update [39m[2m/src/App.jsx, /src/index.css[22m
[2m8:31:42 pm[22m [36m[1m[vite][22m[39m [32mhmr update [39m[2m/src/context/AuthContext.jsx, /src/index.css[22m
[2m8:31:47 pm[22m [36m[1m[vite][22m[39m [32mhmr update [39m[2m/src/components/LeftSidebar.jsx, /src/index.css[22m
[2m8:31:50 pm[22m [36m[1m[vite][22m[39m [32mhmr update [39m[2m/src/context/AuthContext.jsx, /src/index.css[22m
[2m8:31:54 pm[22m [36m[1m[vite][22m[39m [32mhmr update [39m[2m/src/components/LeftSidebar.jsx, /src/index.css[22m
[2m8:31:59 pm[22m [36m[1m[vite][22m[39m [32mhmr update [39m[2m/src/components/LeftSidebar.jsx, /src/index.css[22m
[2m8:36:40 pm[22m [36m[1m[vite][22m[39m [32mhmr update [39m[2m/src/components/Resume.jsx, /src/index.css[22m
[2m8:36:47 pm[22m [36m[1m[vite][22m[39m [32mhmr update [39m[2m/src/components/Resume.jsx, /src/index.css[22m
[2m8:39:35 pm[22m [36m[1m[vite][22m[39m [32mhmr update [39m[2m/src/components/Resume.jsx, /src/index.css[22m
[2m8:52:45 pm[22m [36m[1m[vite][22m[39m [32mhmr update [39m[2m/src/components/Resume.jsx, /src/index.css[22m
[2m8:56:43 pm[22m [36m[1m[vite][22m[39m [32mhmr update [39m[2m/src/components/Resume.jsx, /src/index.css[22m
[2m8:58:08 pm[22m [36m[1m[vite][22m[39m [32mhmr update [39m[2m/src/components/LeftSidebar.jsx, /src/index.css[22m
[2m8:58:20 pm[22m [36m[1m[vite][22m[39m [32mhmr update [39m[2m/src/components/LeftSidebar.jsx, /src/index.css[22m
[2m9:01:44 pm[22m [36m[1m[vite][22m[39m [32mhmr update [39m[2m/src/components/Dashboard.jsx, /src/index.css[22m
[2m9:02:02 pm[22m [36m[1m[vite][22m[39m [32mhmr update [39m[2m/src/components/Dashboard.jsx, /src/index.css[22m
[2m9:07:27 pm[22m [36m[1m[vite][22m[39m [32mhmr update [39m[2m/src/components/Dashboard.jsx, /src/index.css[22m
[2m9:07:44 pm[22m [36m[1m[vite][22m[39m [32mhmr update [39m[2m/src/components/History.jsx, /src/index.css[22m
[2m9:07:47 pm[22m [36m[1m[vite][22m[39m [32mhmr update [39m[2m/src/components/History.jsx, /src/index.css[22m
[2m9:12:19 pm[22m [36m[1m[vite][22m[39m [32mhmr update [39m[2m/src/components/Analytics.jsx, /src/index.css[22m
[2m9:12:32 pm[22m [36m[1m[vite][22m[39m [32mhmr update [39m[2m/src/components/Analytics.jsx, /src/index.css[22m
[2m9:16:20 pm[22m [36m[1m[vite][22m[39m [32mhmr update [39m[2m/src/components/Analytics.jsx, /src/index.css[22m
